---
  0 debug pnpm:scope: 
    selected: 1
    workspacePrefix: null
  1 info pnpm: 
    message: "A store server is running. All store manipulations are delegated to it."
    prefix: "/app"
  2 debug pnpm:package-json: 
    initial: 
      name: ""
      version: "1.2.7"
      description: "V12 Gelişmiş Kayıt Botu Arvelos 1672JS"
      main: "Arvelos 1672.js"
      scripts: 
        start: "node Arvelos 1672.js"
      dependencies: 
        chalk: "^4.1.2"
        common-tags: "^1.8.2"
        croxydb: "0.0.7"
        discord-buttons: "^4.0.0-deprecated"
        discord.js: "^12.5.3"
        experss: "0.0.1-security"
        express: "^4.17.3"
        ffmpeg: "0.0.4"
        jimp: "^0.16.1"
        moment: "^2.29.2"
        moment-duration-format: "^2.3.2"
        ms: "^2.1.3"
        node-superfetch: "^0.2.3"
        nukleon: "0.0.2"
        orio.db: "^3.0.9"
        parse-ms: "^3.0.0"
        quick.db: "^7.1.3"
        snekfetch: "^4.0.4"
        useful-tools: "^0.2.6"
      engines: 
        node: "12.x"
      license: "MIT"
      keywords: 
        - "V12 Bot"
        - "Arvelos 1672JS"
        - "Register Bot"
      gitHead: "8492ada9980a41afe845465addae9dfa9fabc35e"
      readme: "ERROR: No README data found!"
      _id: "@1.2.7"
    prefix: "/app"
  3 warn pnpm: 
    message: "Moving chalk that was installed by a different package manager to \"node_modules/.ignored"
    prefix: "/app"
  4 error pnpm: 
    message: 
      errno: -39
      code: "ENOTEMPTY"
      syscall: "rename"
      path: "/rbd/pnpm-volume/0f11a75f-c6a1-48f0-a7b6-0387e19015c8/node_modules/chalk"
      dest: "/rbd/pnpm-volume/0f11a75f-c6a1-48f0-a7b6-0387e19015c8/node_modules/.ignored/chalk"
    err: 
      name: "Error"
      message: "ENOTEMPTY: directory not empty, rename '/rbd/pnpm-volume/0f11a75f-c6a1-48f0-a7b6-0387e19015c8/node_modules/chalk' -> '/rbd/pnpm-volume/0f11a75f-c6a1-48f0-a7b6-0387e19015c8/node_modules/.ignored/chalk'"
      code: "ENOTEMPTY"
      stack: "Error: ENOTEMPTY: directory not empty, rename '/rbd/pnpm-volume/0f11a75f-c6a1-48f0-a7b6-0387e19015c8/node_modules/chalk' -> '/rbd/pnpm-volume/0f11a75f-c6a1-48f0-a7b6-0387e19015c8/node_modules/.ignored/chalk'"
